********************************************************************************
product = WebSphere Application Server 17.0.0.4 (wlp-1.0.19.201712061531)
wlp.install.dir = C:/Users/user01-m/devops/spring-boot-jc-te-test/target/liberty/wlp/
java.home = C:\Program Files\Java\jdk1.8.0_121\jre
java.version = 1.8.0_121
java.runtime = Java(TM) SE Runtime Environment (1.8.0_121-b13)
os = Windows 10 (10.0; amd64) (ja_JP)
process = 13660@MyComputer
********************************************************************************
[18/03/04 16:30:24:662 JST] 00000001 com.ibm.ws.kernel.launch.internal.FrameworkManager           A CWWKE0001I: サーバー defaultServer が起動されました。
[18/03/04 16:30:24:675 JST] 00000001 com.ibm.ws.kernel.launch.internal.FrameworkManager           A CWWKE0100I: この製品は、開発使用向け、および限定的な実動使用向けにライセンスが交付されています。 全ライセンス条項は以下で表示可能です: https://public.dhe.ibm.com/ibmdl/export/pub/software/websphere/wasdev/license/base_ilan/ilan/17.0.0.4/lafiles/ja.html
[18/03/04 16:30:25:899 JST] 00000001 com.ibm.ws.kernel.launch.internal.FrameworkManager           I CWWKE0002I: カーネルは 1.424 秒 秒後に始動されました。
[18/03/04 16:30:25:944 JST] 00000019 com.ibm.ws.kernel.feature.internal.FeatureManager            I CWWKF0007I: フィーチャー更新が開始しました。
[18/03/04 16:30:29:695 JST] 00000012 com.ibm.ws.security.ready.internal.SecurityReadyServiceImpl  I CWWKS0007I: セキュリティー・サービスを開始しています...
[18/03/04 16:30:30:444 JST] 00000025 com.ibm.ws.security.token.ltpa.internal.LTPAKeyInfoManager   I CWWKS4103I: LTPA 鍵を作成しています。 この処理には数秒かかる場合があります。
[18/03/04 16:30:30:461 JST] 00000012 ibm.ws.security.authentication.internal.jaas.JAASServiceImpl I CWWKS1123I: クラス名が NullCollectiveAuthenticationPlugin である集合認証プラグインがアクティブ化されました。 
[18/03/04 16:30:31:076 JST] 00000025 com.ibm.ws.security.token.ltpa.internal.LTPAKeyInfoManager   A CWWKS4104A: LTPA 鍵が 0.632 秒で作成されました。 LTPA 鍵ファイル: C:/Users/user01-m/devops/spring-boot-jc-te-test/target/liberty/wlp/usr/servers/defaultServer/resources/security/ltpa.keys
[18/03/04 16:30:31:082 JST] 00000025 com.ibm.ws.security.token.ltpa.internal.LTPAKeyCreateTask    I CWWKS4105I: LTPA 構成は、0.644 秒後に作動可能になります。
[18/03/04 16:30:35:513 JST] 00000012 com.ibm.ws.app.manager.internal.monitor.DropinMonitor        A CWWKZ0058I: アプリケーションの dropins をモニター中です。 
[18/03/04 16:30:40:555 JST] 0000002c com.ibm.ws.tcpchannel.internal.TCPChannel                    I CWWKO0219I: TCP チャネル defaultHttpEndpoint が開始され、現在、ホスト *  (IPv6)、ポート 9080 の要求を listen しています。
[18/03/04 16:30:41:133 JST] 00000012 com.ibm.ws.cache.ServerCache                                 I DYNA1001I: WebSphere 動的キャッシュ・インスタンス baseCache が正常に初期化されました。
[18/03/04 16:30:41:136 JST] 00000012 com.ibm.ws.cache.ServerCache                                 I DYNA1071I: キャッシュ・プロバイダー default が使用されています。
[18/03/04 16:30:41:137 JST] 00000012 com.ibm.ws.cache.CacheServiceImpl                            I DYNA1056I: 動的キャッシュ (オブジェクト・キャッシュ) が、正常に初期化されました。
[18/03/04 16:30:41:601 JST] 00000025 com.ibm.ws.app.manager.AppMessageHelper                      I CWWKZ0018I: アプリケーション GetStartedJava を開始中です。
[18/03/04 16:30:42:138 JST] 00000025 org.jboss.weld.Version                                       I WELD-000900: 2.4.5 (Final)
[18/03/04 16:30:43:004 JST] 00000025 com.ibm.ws.session.WASSessionCore                            I SESN8501I: セッション・マネージャーが、永続ストレージ・ロケーションを検出しませんでした。HttpSession オブジェクトはローカル・アプリケーション・サーバーのメモリーに保管されます。
[18/03/04 16:30:43:021 JST] 00000025 com.ibm.ws.webcontainer.osgi.webapp.WebGroup                 I SRVE0169I: Web モジュールをロード中: GetStartedJava-1.0-SNAPSHOT。
[18/03/04 16:30:43:025 JST] 00000025 com.ibm.ws.webcontainer                                      I SRVE0250I: Web モジュール GetStartedJava-1.0-SNAPSHOT は default_host にバインドされています。
[18/03/04 16:30:43:027 JST] 00000025 com.ibm.ws.http.internal.VirtualHostImpl                     A CWWKT0016I: Web アプリケーションが使用可能です (default_host): http://mycomputer:9080/GetStartedJava/
[18/03/04 16:30:43:033 JST] 00000025 com.ibm.ws.app.manager.AppMessageHelper                      A CWWKZ0001I: アプリケーション GetStartedJava が 1.433 秒で開始しました。
[18/03/04 16:30:43:090 JST] 00000019 com.ibm.ws.kernel.feature.internal.FeatureManager            A CWWKF0012I: サーバーは次のフィーチャーをインストールしました。[jsp-2.3, ejbLite-3.2, managedBeans-1.0, servlet-3.1, jsf-2.2, beanValidation-1.1, ssl-1.0, jndi-1.0, appSecurity-2.0, jsonp-1.0, jdbc-4.1, jaxrs-2.0, el-3.0, jaxrsClient-2.0, json-1.0, jpaContainer-2.1, cdi-1.2, distributedMap-1.0, webProfile-7.0, websocket-1.1, jpa-2.1]。
[18/03/04 16:30:43:090 JST] 00000019 com.ibm.ws.kernel.feature.internal.FeatureManager            I CWWKF0008I: フィーチャー更新が 17.197 秒で完了しました。
[18/03/04 16:30:43:091 JST] 00000019 com.ibm.ws.kernel.feature.internal.FeatureManager            A CWWKF0011I: サーバー defaultServer は、Smarter Planet に対応する準備ができました。
[18/03/04 16:30:43:113 JST] 00000020 com.ibm.ws.session.WASSessionCore                            I SESN0176I: アプリケーション・キー default_host/GetStartedJava に新しいセッション・コンテキストが作成されます。
[18/03/04 16:30:43:128 JST] 00000020 com.ibm.ws.util                                              I SESN0172I: セッション・マネージャーは、セッション ID の生成に Java のデフォルト SecureRandom 実装を使用しています。
[18/03/04 16:30:43:301 JST] 00000020 com.ibm.ws.cache.CacheServiceImpl                            I DYNA1056I: 動的キャッシュ (オブジェクト・キャッシュ) が、正常に初期化されました。
[18/03/04 16:30:48:008 JST] 0000002d com.ibm.ws.webcontainer.osgi.mbeans.PluginGenerator          I SRVE9103I: Web サーバー・プラグイン構成ファイルは、このサーバー用に、C:\Users\user01-m\devops\spring-boot-jc-te-test\target\liberty\wlp\usr\servers\defaultServer\logs\state\plugin-cfg.xml に自動的に生成されました。
[18/03/04 16:30:50:136 JST] 0000002d SystemOut                                                    O Running locally. Looking for credentials in cloudant.properties
[18/03/04 16:30:50:138 JST] 0000002d SystemOut                                                    O To use a database, set the Cloudant url in src/main/resources/cloudant.properties
[18/03/04 16:30:50:261 JST] 0000002d 44b[com.ibm.ws.jaxrs.2.0.common:1.0.19.201712061602(id=176)] I Setting the server's publish address to be /api/
[18/03/04 16:30:50:467 JST] 0000002d com.ibm.ws.webcontainer.servlet                              I SRVE0242I: [GetStartedJava] [/GetStartedJava] [wasdev.sample.rest.VisitorAPI]: 初期化が成功しました。
[18/03/04 16:31:05:128 JST] 00000010 com.ibm.ws.kernel.launch.internal.ServerCommandListener      A CWWKE0055I: 2018年3月4日 16:31 にサーバー・シャットダウンが要求されました。 サーバー defaultServer がシャットダウンしています。
[18/03/04 16:31:05:131 JST] 00000033 com.ibm.ws.runtime.update.internal.RuntimeUpdateManagerImpl  A CWWKE1100I: サーバーが静止するまで最大 30 秒間待機します。
[18/03/04 16:31:05:136 JST] 00000034 com.ibm.ws.tcpchannel.internal.TCPChannel                    I CWWKO0220I: TCP チャネル defaultHttpEndpoint は、ホスト *  (IPv6)、ポート 9080 での要求の listen を停止しました。
[18/03/04 16:31:05:137 JST] 00000034 com.ibm.ws.http.internal.VirtualHostImpl                     A CWWKT0017I: Web アプリケーションが削除されました (default_host): http://mycomputer:9080/GetStartedJava/
[18/03/04 16:31:05:141 JST] 00000033 com.ibm.ws.runtime.update.internal.RuntimeUpdateManagerImpl  I CWWKE1101I: サーバーの静止が完了しました。
[18/03/04 16:31:05:163 JST] 0000001b com.ibm.ws.webcontainer.servlet                              I SRVE0253I: [GetStartedJava] [/GetStartedJava] [wasdev.sample.rest.VisitorAPI]: 破棄が成功しました。
[18/03/04 16:31:05:197 JST] 0000001b com.ibm.ws.app.manager.AppMessageHelper                      A CWWKZ0009I: アプリケーション GetStartedJava は正常に停止しました。
[18/03/04 16:31:05:226 JST] 00000033 com.ibm.ws.security.ready.internal.SecurityReadyServiceImpl  I CWWKS0009I: セキュリティー・サービスは停止されました。
[18/03/04 16:31:05:250 JST] 00000033 ibm.ws.security.authentication.internal.jaas.JAASServiceImpl I CWWKS1124I: クラス名が NullCollectiveAuthenticationPlugin である集合認証プラグインが非アクティブ化されました。 
[18/03/04 16:31:05:645 JST] 00000001 com.ibm.ws.kernel.launch.internal.FrameworkManager           A CWWKE0036I: 41.17 秒後にサーバー defaultServer が停止しました。
